Arguments: 
  /Users/tyler/.nvm/versions/node/v12.17.0/bin/node /usr/local/Cellar/yarn/1.5.1_1/libexec/bin/yarn.js start

PATH: 
  /usr/local/mysql/bin:/Users/tyler/.yarn/bin:/Users/tyler/.nvm/versions/node/v12.17.0/bin:/Users/tyler/.linuxbrew/bin:/usr/local/opt/ant@1.9/bin:/usr/local/bin:/usr/bin:/bin:/usr/sbin:/sbin:/usr/local/share/dotnet:~/.dotnet/tools:/Library/Apple/usr/bin:/Library/Frameworks/Mono.framework/Versions/Current/Commands:/Users/tyler/.npm-packages/bin:/Users/tyler/Library/PackageManager/bin:/Users/tyler/Library/PackageManager/bin

Yarn version: 
  1.5.1

Node version: 
  12.17.0

Platform: 
  darwin x64

npm manifest: 
  {
      "title": "Resume",
      "name": "startbootstrap-resume",
      "version": "5.0.7",
      "scripts": {
          "start": "node_modules/.bin/gulp watch"
      },
      "description": "Resume is a simple, yet elegant resume and CV theme for Bootstrap 4.",
      "keywords": [
          "css",
          "sass",
          "html",
          "responsive",
          "theme",
          "template"
      ],
      "homepage": "https://startbootstrap.com/template-overviews/resume",
      "bugs": {
          "url": "https://github.com/BlackrockDigital/startbootstrap-resume/issues",
          "email": "feedback@startbootstrap.com"
      },
      "license": "MIT",
      "author": "Start Bootstrap",
      "contributors": [
          "David Miller (http://davidmiller.io/)"
      ],
      "repository": {
          "type": "git",
          "url": "https://github.com/BlackrockDigital/startbootstrap-resume.git"
      },
      "dependencies": {
          "@fortawesome/fontawesome-free": "5.9.0",
          "bootstrap": "4.3.1",
          "jquery": "3.4.1",
          "jquery.easing": "^1.4.1"
      },
      "devDependencies": {
          "browser-sync": "2.26.7",
          "del": "4.1.1",
          "gulp": "4.0.2",
          "gulp-autoprefixer": "6.1.0",
          "gulp-clean-css": "4.2.0",
          "gulp-header": "2.0.7",
          "gulp-plumber": "^1.2.1",
          "gulp-rename": "1.4.0",
          "gulp-sass": "4.0.2",
          "gulp-uglify": "3.0.2",
          "merge-stream": "2.0.0",
          "lodash.template": ">=4.5.0",
          "lodash": ">=4.17.13"
      }
  }

yarn manifest: 
  No manifest

Lockfile: 
  No lockfile

Trace: 
  Error: Command failed.
  Exit code: 1
  Command: sh
  Arguments: -c node_modules/.bin/gulp watch
  Directory: /Users/tyler/p/website
  Output:
  
      at ProcessTermError.MessageError (/usr/local/Cellar/yarn/1.5.1_1/libexec/lib/cli.js:186:110)
      at new ProcessTermError (/usr/local/Cellar/yarn/1.5.1_1/libexec/lib/cli.js:226:113)
      at ChildProcess.<anonymous> (/usr/local/Cellar/yarn/1.5.1_1/libexec/lib/cli.js:30281:17)
      at ChildProcess.emit (events.js:315:20)
      at maybeClose (internal/child_process.js:1021:16)
      at Process.ChildProcess._handle.onexit (internal/child_process.js:286:5)
